Build started 9/16/2014 1:56:17 PM.
     1>Project "H:\kinect2\Kinect2Sample-master\Sample\Depth\Depth.vcxproj" on node 2 (build target(s)).
       Project file contains ToolsVersion="12.0". This toolset may be unknown or missing, in which case you may be able to resolve this by installing the appropriate version of MSBuild, or the build may have been forced to a particular ToolsVersion for policy reasons. Treating the project as if it had ToolsVersion="4.0". For more information, please see http://go.microsoft.com/fwlink/?LinkId=291333.
     1>InitializeBuildStatus:
         Creating "Debug\Depth.unsuccessfulbuild" because "AlwaysCreate" was specified.
       ClCompile:
         C:\Program Files (x86)\Microsoft Visual Studio 10.0\VC\bin\CL.exe /c /IB:\opencv249\opencv\build\include /I"C:\Program Files\Microsoft SDKs\Kinect\v2.0-PublicPreview1408\\inc" /I\build\include /ZI /nologo /W3 /WX- /Od /Oy- /D WIN32 /D _DEBUG /D _CONSOLE /D _LIB /D _UNICODE /D UNICODE /Gm /EHsc /RTC1 /MDd /GS /fp:precise /Zc:wchar_t /Zc:forScope /Yc"StdAfx.h" /Fp"Debug\Depth.pch" /Fo"Debug\\" /Fd"Debug\vc100.pdb" /Gd /TP /analyze- /errorReport:prompt stdafx.cpp
         stdafx.cpp
         C:\Program Files (x86)\Microsoft Visual Studio 10.0\VC\bin\CL.exe /c /IB:\opencv249\opencv\build\include /I"C:\Program Files\Microsoft SDKs\Kinect\v2.0-PublicPreview1408\\inc" /I\build\include /ZI /nologo /W3 /WX- /Od /Oy- /D WIN32 /D _DEBUG /D _CONSOLE /D _LIB /D _UNICODE /D UNICODE /Gm /EHsc /RTC1 /MDd /GS /fp:precise /Zc:wchar_t /Zc:forScope /Yu"StdAfx.h" /Fp"Debug\Depth.pch" /Fo"Debug\\" /Fd"Debug\vc100.pdb" /Gd /TP /analyze- /errorReport:prompt Depth.cpp
         Depth.cpp
     1>c:\program files\microsoft sdks\kinect\v2.0-publicpreview1408\inc\kinect.inpc.h(120): error C2061: syntax error : identifier '_Out_writes_z_'
     1>c:\program files\microsoft sdks\kinect\v2.0-publicpreview1408\inc\kinect.inpc.h(120): error C2059: syntax error : ')'
     1>c:\program files\microsoft sdks\kinect\v2.0-publicpreview1408\inc\kinect.inpc.h(120): fatal error C1903: unable to recover from previous error(s); stopping compilation
     1>Done Building Project "H:\kinect2\Kinect2Sample-master\Sample\Depth\Depth.vcxproj" (build target(s)) -- FAILED.

Build FAILED.

Time Elapsed 00:00:00.57
