Build started 04.10.2014 10:05:50.
     1>Project "H:\kinect2\Kinect2Sample-master\Sample\Depth\Depth.vcxproj" on node 2 (Build target(s)).
     1>InitializeBuildStatus:
         Touching "x64\Debug\Depth.unsuccessfulbuild".
       ClCompile:
         All outputs are up-to-date.
         All outputs are up-to-date.
       Link:
         C:\Program Files (x86)\Microsoft Visual Studio 11.0\VC\bin\x86_amd64\link.exe /ERRORREPORT:PROMPT /OUT:"H:\kinect2\Kinect2Sample-master\Sample\x64\Debug\Depth.exe" /INCREMENTAL /NOLOGO /LIBPATH:B:\opencv249\opencv\build\x64\vc11\lib opencv_core249d.lib opencv_imgproc249d.lib opencv_highgui249d.lib opencv_ml249d.lib opencv_video249d.lib opencv_features2d249d.lib opencv_calib3d249d.lib opencv_objdetect249d.lib opencv_contrib249d.lib opencv_legacy249d.lib opencv_flann249d.lib kinect20.lib /MANIFEST /MANIFESTUAC:"level='asInvoker' uiAccess='false'" /manifest:embed /DEBUG /PDB:"H:\kinect2\Kinect2Sample-master\Sample\x64\Debug\Depth.pdb" /SUBSYSTEM:CONSOLE /TLBID:1 /DYNAMICBASE /NXCOMPAT /IMPLIB:"H:\kinect2\Kinect2Sample-master\Sample\x64\Debug\Depth.lib" /MACHINE:X64 x64\Debug\Depth.obj
         x64\Debug\stdafx.obj
     1>LINK : fatal error LNK1104: cannot open file 'kinect20.lib'
     1>Done Building Project "H:\kinect2\Kinect2Sample-master\Sample\Depth\Depth.vcxproj" (Build target(s)) -- FAILED.

Build FAILED.

Time Elapsed 00:00:00.16
