Build started 04.10.2014 10:16:05.
     1>Project "H:\kinect2\Kinect2Sample-master\Sample\Calib\Calib.vcxproj" on node 2 (Build target(s)).
     1>InitializeBuildStatus:
         Touching "Release\Calib.unsuccessfulbuild".
       ClCompile:
         All outputs are up-to-date.
       Link:
         C:\Program Files (x86)\Microsoft Visual Studio 11.0\VC\bin\link.exe /ERRORREPORT:PROMPT /OUT:"H:\kinect2\Kinect2Sample-master\Sample\Release\Calib.exe" /NOLOGO /LIBPATH:B:\opencv249\opencv\build\x64\vc11\lib opencv_core249.lib opencv_imgproc249.lib opencv_highgui249.lib opencv_ml249.lib opencv_video249.lib opencv_features2d249.lib opencv_calib3d249.lib opencv_objdetect249.lib opencv_contrib249.lib opencv_legacy249.lib opencv_flann249.lib kernel32.lib user32.lib gdi32.lib winspool.lib comdlg32.lib advapi32.lib shell32.lib ole32.lib oleaut32.lib uuid.lib odbc32.lib odbccp32.lib /MANIFEST /MANIFESTUAC:"level='asInvoker' uiAccess='false'" /manifest:embed /DEBUG /PDB:"H:\kinect2\Kinect2Sample-master\Sample\Release\Calib.pdb" /OPT:REF /OPT:ICF /LTCG /TLBID:1 /DYNAMICBASE /NXCOMPAT /IMPLIB:"H:\kinect2\Kinect2Sample-master\Sample\Release\Calib.lib" /MACHINE:X86 /SAFESEH Release\calibration.obj
     1>opencv_core249.lib(opencv_core249.dll) : fatal error LNK1112: module machine type 'x64' conflicts with target machine type 'X86'
     1>Done Building Project "H:\kinect2\Kinect2Sample-master\Sample\Calib\Calib.vcxproj" (Build target(s)) -- FAILED.

Build FAILED.

Time Elapsed 00:00:00.22
